<?xml version="1.0" encoding="UTF-8"?><testsuite errors="1" failures="0" name="uTest" skipped="0" tests="1" time="177.55" timestamp="2021-10-13 09:35:53"><testcase name="Sign up for uTest"><error message="No such field co.com.choucair.certification.proyectobase.model.UTestData.email" type="cucumber.runtime.CucumberException">No such field co.com.choucair.certification.proyectobase.model.UTestData.email</error><system-err>No such field co.com.choucair.certification.proyectobase.model.UTestData.email&#13;
cucumber.runner.Runner.runPickle(Runner.java:80)&#13;
</system-err></testcase></testsuite>