<?xml version="1.0" encoding="UTF-8"?><testsuite errors="0" failures="1" name="uTest" skipped="0" tests="1" time="106.49" timestamp="2021-10-13 04:45:10"><testcase name="Sign up for uTest"><failure message="Expected enabled element was not enabled" type="net.thucydides.core.webdriver.exceptions.ElementShouldBeEnabledException">Expected enabled element was not enabled</failure><system-err>Expected enabled element was not enabled&#13;
co.com.choucair.certification.proyectobase.tasks.Inscribirse.performAs(Inscribirse.java:22)&#13;
co.com.choucair.certification.proyectobase.stepdefinitions.UTestStepDefinitions.makeRegistrationFormInUtest(UTestStepDefinitions.java:26)&#13;
cucumber.runner.Runner.runPickle(Runner.java:80)&#13;
</system-err></testcase></testsuite>